<?xml version="1.0" encoding="UTF-8"?>
<!-- Generated by org.testng.reporters.JUnitReportReporter -->
<testsuite hostname="DESKTOP-OKTJI84" failures="0" tests="8" name="Almosafer" time="0.876" errors="0" timestamp="2024-12-24T21:40:57 EET" skipped="0">
  <testcase classname="Almosafer" name="TheLanguageisEnglish" time="0.027"/>
  <system-out/>
  <testcase classname="Almosafer" name="TheCurrency" time="0.029"/>
  <system-out/>
  <testcase classname="Almosafer" name="TheContactNumber" time="0.022"/>
  <system-out/>
  <testcase classname="Almosafer" name="TheFooter" time="0.025"/>
  <system-out/>
  <testcase classname="Almosafer" name="HotelTap" time="0.022"/>
  <system-out/>
  <testcase classname="Almosafer" name="CheckDepartureDate" time="0.032"/>
  <system-out/>
  <testcase classname="Almosafer" name="CheckReturnDate" time="0.016"/>
  <system-out/>
  <testcase classname="Almosafer" name="Randomly" time="0.703"/>
  <system-out/>
</testsuite> <!-- Almosafer -->
