<?xml version="1.0" encoding="UTF-8"?>
<!-- Generated by org.testng.reporters.JUnitReportReporter -->
<testsuite hostname="DESKTOP-OKTJI84" failures="0" tests="4" name="Almosafer" time="0.109" errors="0" timestamp="2024-12-14T16:58:35 EET" skipped="0">
  <testcase classname="Almosafer" name="TheLanguageisEnglish" time="0.030"/>
  <system-out/>
  <testcase classname="Almosafer" name="TheCurrency" time="0.033"/>
  <system-out/>
  <testcase classname="Almosafer" name="TheContactNumber" time="0.021"/>
  <system-out/>
  <testcase classname="Almosafer" name="TheFooter" time="0.025"/>
  <system-out/>
</testsuite> <!-- Almosafer -->
